{"C:\\Users\\ruby\\OneDrive\\Documents\\Desktop\\React\\project 1\\src\\components\\Contact.js": {"path":"C:\\Users\\ruby\\OneDrive\\Documents\\Desktop\\React\\project 1\\src\\components\\Contact.js","statementMap":{"0":{"start":{"line":3,"column":16},"end":{"line":83,"column":1}},"1":{"start":{"line":4,"column":2},"end":{"line":6,"column":9}},"2":{"start":{"line":5,"column":4},"end":{"line":5,"column":26}},"3":{"start":{"line":7,"column":2},"end":{"line":82,"column":4}}},"fnMap":{"0":{"name":"(anonymous_0)","decl":{"start":{"line":3,"column":16},"end":{"line":3,"column":17}},"loc":{"start":{"line":3,"column":22},"end":{"line":83,"column":1}},"line":3},"1":{"name":"(anonymous_1)","decl":{"start":{"line":4,"column":12},"end":{"line":4,"column":13}},"loc":{"start":{"line":4,"column":18},"end":{"line":6,"column":3}},"line":4}},"branchMap":{},"s":{"0":1,"1":3,"2":3,"3":3},"f":{"0":3,"1":3},"b":{},"_coverageSchema":"1a1c01bbd47fc00a2c39e90264f33305004495a9","hash":"faa0e641f6a7b3b9732650e7842bb4c9caea04b6"}
,"C:\\Users\\ruby\\OneDrive\\Documents\\Desktop\\React\\project 1\\src\\components\\sum.js": {"path":"C:\\Users\\ruby\\OneDrive\\Documents\\Desktop\\React\\project 1\\src\\components\\sum.js","statementMap":{"0":{"start":{"line":1,"column":19},"end":{"line":3,"column":1}},"1":{"start":{"line":2,"column":4},"end":{"line":2,"column":15}}},"fnMap":{"0":{"name":"(anonymous_0)","decl":{"start":{"line":1,"column":19},"end":{"line":1,"column":20}},"loc":{"start":{"line":1,"column":26},"end":{"line":3,"column":1}},"line":1}},"branchMap":{},"s":{"0":1,"1":1},"f":{"0":1},"b":{},"_coverageSchema":"1a1c01bbd47fc00a2c39e90264f33305004495a9","hash":"d18385e0de56063c781e5bb30d2bb3103fbb7b29"}
}
